CMake Warning (dev) at CMakeLists.txt:2 (project):
  Policy CMP0048 is not set: project() command manages VERSION variables.
  Run "cmake --help-policy CMP0048" for policy details.  Use the cmake_policy
  command to set the policy and suppress this warning.

  The following variable(s) would be set to empty:

    CMAKE_PROJECT_VERSION
    CMAKE_PROJECT_VERSION_MAJOR
    CMAKE_PROJECT_VERSION_MINOR
    CMAKE_PROJECT_VERSION_PATCH
This warning is for project developers.  Use -Wno-dev to suppress it.

[36m--[0m Using CATKIN_DEVEL_PREFIX: /home/lada/Desktop/catkin_2024/navi_ws/devel/.private/remote_commands
[36m--[0m Using CMAKE_PREFIX_PATH: /home/lada/Desktop/catkin_2024/navi_ws/devel;/opt/ros/noetic
[36m--[0m This workspace overlays: /home/lada/Desktop/catkin_2024/navi_ws/devel;/opt/ros/noetic
[36m--[0m Found PythonInterp: /usr/bin/python3 (found suitable version "3.8.10", minimum required is "3")
[36m--[0m Using PYTHON_EXECUTABLE: /usr/bin/python3
[36m--[0m Using Debian Python package layout
[36m--[0m Using empy: /usr/lib/python3/dist-packages/em.py
[36m--[0m Using CATKIN_ENABLE_TESTING: ON
[36m--[0m Call enable_testing()
[36m--[0m Using CATKIN_TEST_RESULTS_DIR: /home/lada/Desktop/catkin_2024/navi_ws/build/remote_commands/test_results
[36m--[0m Forcing gtest/gmock from source, though one was otherwise available.
[36m--[0m Found gtest sources under '/usr/src/googletest': gtests will be built
[36m--[0m Found gmock sources under '/usr/src/googletest': gmock will be built
[36m--[0m Found PythonInterp: /usr/bin/python3 (found version "3.8.10")
[36m--[0m Using Python nosetests: /usr/bin/nosetests3
[36m--[0m catkin 0.8.10
[36m--[0m BUILD_SHARED_LIBS is on
[36m--[0m Using these message generators: gencpp;geneus;genlisp;gennodejs;genpy
[36m--[0m Could NOT find move_base_msgs (missing: move_base_msgs_DIR)
[36m--[0m Could not find the required component 'move_base_msgs'. The following CMake error indicates that you either need to install the package with the same name or change your environment so that it can be found.
[31m[1mCMake Error[0m at /opt/ros/noetic/share/catkin/cmake/catkinConfig.cmake:83 (find_package):
  Could not find a package configuration file provided by "move_base_msgs"
  with any of the following names:

    move_base_msgsConfig.cmake
    move_base_msgs-config.cmake

  Add the installation prefix of "move_base_msgs" to CMAKE_PREFIX_PATH or set
  "move_base_msgs_DIR" to a directory containing one of the above files.  If
  "move_base_msgs" provides a separate development package or SDK, be sure it
  has been installed.
[36mCall Stack (most recent call first):[0m
  CMakeLists.txt:10 (find_package)


[36m--[0m Configuring incomplete, errors occurred!
See also "/home/lada/Desktop/catkin_2024/navi_ws/build/remote_commands/CMakeFiles/CMakeOutput.log".
See also "/home/lada/Desktop/catkin_2024/navi_ws/build/remote_commands/CMakeFiles/CMakeError.log".
make: *** [Makefile:644: cmake_check_build_system] Error 1
